TN:
SF:script/DeployRideSystem.s.sol
FN:10,DeployRideSystem.run
FNDA:21,DeployRideSystem.run
DA:11,21
DA:11,21
DA:11,21
DA:12,21
DA:12,21
DA:13,21
DA:13,21
DA:13,21
DA:14,21
DA:14,21
DA:14,21
DA:15,21
DA:15,21
DA:15,21
DA:16,21
DA:16,21
DA:18,21
DA:18,21
DA:19,21
DA:19,21
FNF:1
FNH:1
LF:8
LH:8
BRF:0
BRH:0
end_of_record
TN:
SF:src/contracts/DriverNFT.sol
FN:9,PeerRideNft.
FNDA:3,PeerRideNft.
FN:11,PeerRideNft.mint
FNDA:18,PeerRideNft.mint
DA:16,17
DA:16,17
DA:17,17
DA:17,17
FN:20,PeerRideNft.tokenURI
FNDA:1,PeerRideNft.tokenURI
DA:23,1
DA:23,1
FNF:3
FNH:3
LF:3
LH:3
BRF:0
BRH:0
end_of_record
TN:
SF:src/contracts/PaymentCoin.sol
FN:16,PaymentCoin.
FNDA:5,PaymentCoin.
FN:24,PaymentCoin.checkAmount
FNDA:7,PaymentCoin.checkAmount
DA:25,7
DA:25,7
DA:25,7
DA:25,6
BRDA:25,0,0,1
BRDA:25,0,1,6
DA:26,1
DA:26,1
FN:31,PaymentCoin.checkLastMinted
FNDA:6,PaymentCoin.checkLastMinted
DA:32,6
DA:32,6
BRDA:32,1,0,1
BRDA:32,1,1,5
DA:33,1
DA:33,1
FN:38,PaymentCoin.mint
FNDA:7,PaymentCoin.mint
DA:41,5
DA:41,5
DA:42,5
DA:42,5
FNF:4
FNH:4
LF:6
LH:6
BRF:4
BRH:4
end_of_record
TN:
SF:src/contracts/RideAdmin.sol
FN:25,RideAdmin.
FNDA:0,RideAdmin.
DA:26,0
DA:26,0
DA:27,0
DA:27,0
FN:30,RideAdmin.alreadyRegistered
FNDA:18,RideAdmin.alreadyRegistered
DA:31,18
BRDA:31,0,0,1
BRDA:31,0,1,17
DA:32,1
DA:32,1
FN:36,RideAdmin.checkRideContractAddress
FNDA:17,RideAdmin.checkRideContractAddress
DA:37,17
DA:37,17
DA:37,17
BRDA:37,1,0,-
BRDA:37,1,1,7
DA:38,1
DA:38,1
FN:42,RideAdmin.zeroAddressChecker
FNDA:16,RideAdmin.zeroAddressChecker
DA:43,16
DA:43,16
DA:43,16
BRDA:43,2,0,1
BRDA:43,2,1,15
DA:44,1
DA:44,1
FN:49,RideAdmin.approveDriver
FNDA:8,RideAdmin.approveDriver
DA:52,7
DA:52,7
BRDA:52,3,0,1
BRDA:52,3,1,6
DA:54,6
DA:54,6
DA:54,6
DA:56,6
DA:56,6
BRDA:56,4,0,-
BRDA:56,4,1,6
DA:58,6
DA:58,6
DA:59,6
DA:59,6
DA:65,6
DA:65,6
DA:65,6
DA:73,6
DA:73,6
DA:73,6
DA:74,6
DA:74,6
BRDA:74,5,0,-
BRDA:74,5,1,6
DA:75,0
DA:75,0
DA:78,6
DA:78,6
FN:89,RideAdmin.register
FNDA:18,RideAdmin.register
DA:94,16
DA:94,16
BRDA:94,6,0,1
BRDA:94,6,1,15
DA:96,15
DA:96,15
DA:97,15
DA:97,15
DA:101,15
DA:101,15
DA:103,15
DA:103,15
DA:103,15
DA:114,15
DA:114,15
DA:115,15
DA:115,15
FN:118,RideAdmin.addRideContractAddress
FNDA:17,RideAdmin.addRideContractAddress
DA:121,15
DA:121,15
FN:124,RideAdmin.sanctionDriver
FNDA:3,RideAdmin.sanctionDriver
DA:125,2
DA:125,2
DA:125,2
DA:126,2
DA:126,2
DA:126,2
DA:127,2
DA:127,2
BRDA:127,7,0,1
BRDA:127,7,1,1
DA:128,1
DA:128,1
FN:137,RideAdmin._checkLicense
FNDA:16,RideAdmin._checkLicense
DA:140,16
DA:140,16
DA:140,16
DA:141,16
DA:141,16
FN:144,RideAdmin.removeFromPending
FNDA:6,RideAdmin.removeFromPending
DA:145,6
DA:145,6
DA:145,6
DA:145,6
DA:145,0
DA:146,0
DA:146,0
DA:148,6
DA:148,6
FN:156,RideAdmin.getAddressIndex
FNDA:3,RideAdmin.getAddressIndex
DA:159,9
DA:159,9
DA:159,11
DA:159,2
DA:160,10
DA:160,10
BRDA:160,8,0,8
BRDA:160,8,1,2
DA:161,8
DA:161,8
DA:164,1
DA:164,1
FN:170,RideAdmin.getAllPendingApprovals
FNDA:3,RideAdmin.getAllPendingApprovals
DA:171,3
DA:171,3
FN:174,RideAdmin.getRideContractAddress
FNDA:2,RideAdmin.getRideContractAddress
DA:175,2
DA:175,2
FNF:13
FNH:12
LF:41
LH:37
BRF:18
BRH:15
end_of_record
TN:
SF:src/contracts/RideContract.sol
FN:70,Ride.onlyAdminContract
FNDA:1,Ride.onlyAdminContract
DA:71,1
DA:71,1
BRDA:71,0,0,-
BRDA:71,0,1,6
DA:72,0
DA:72,0
FN:76,Ride.
FNDA:0,Ride.
DA:77,0
DA:77,0
BRDA:77,1,0,-
BRDA:77,1,1,-
DA:81,0
DA:81,0
FN:84,Ride.bookRide
FNDA:0,Ride.bookRide
DA:90,0
DA:90,0
BRDA:90,2,0,-
BRDA:90,2,1,-
DA:91,0
DA:91,0
DA:92,0
DA:92,0
BRDA:92,3,0,-
BRDA:92,3,1,-
DA:93,0
DA:93,0
BRDA:93,4,0,-
BRDA:93,4,1,-
DA:94,0
DA:94,0
BRDA:94,5,0,-
BRDA:94,5,1,-
DA:99,0
DA:99,0
DA:99,0
DA:102,0
DA:102,0
DA:102,0
DA:110,0
DA:110,0
DA:110,0
DA:119,0
DA:119,0
DA:120,0
DA:120,0
FN:129,Ride.cancelRide
FNDA:0,Ride.cancelRide
DA:131,0
DA:131,0
DA:131,0
DA:134,0
DA:134,0
BRDA:134,6,0,-
BRDA:134,6,1,-
DA:138,0
DA:138,0
BRDA:138,7,0,-
BRDA:138,7,1,-
DA:147,0
DA:147,0
DA:147,0
DA:151,0
DA:151,0
DA:151,0
DA:155,0
DA:155,0
DA:158,0
DA:158,0
DA:162,0
DA:162,0
DA:167,0
DA:167,0
DA:167,0
DA:170,0
DA:170,0
BRDA:170,8,0,-
BRDA:170,8,1,-
DA:172,0
DA:172,0
BRDA:172,9,0,-
BRDA:172,9,1,-
DA:181,0
DA:181,0
DA:181,0
DA:186,0
DA:186,0
DA:186,0
DA:188,0
DA:188,0
DA:191,0
DA:191,0
DA:195,0
DA:195,0
DA:200,0
DA:200,0
FN:203,Ride.acceptRide
FNDA:0,Ride.acceptRide
DA:204,0
DA:204,0
DA:204,0
DA:206,0
DA:206,0
BRDA:206,10,0,-
BRDA:206,10,1,-
DA:208,0
DA:208,0
BRDA:208,11,0,-
BRDA:208,11,1,-
DA:217,0
DA:217,0
DA:217,0
DA:221,0
DA:221,0
DA:221,0
DA:222,0
DA:222,0
DA:224,0
DA:224,0
DA:227,0
DA:227,0
DA:230,0
DA:230,0
FN:233,Ride.compeleteRide
FNDA:0,Ride.compeleteRide
DA:235,0
DA:235,0
DA:235,0
DA:236,0
DA:236,0
BRDA:236,12,0,-
BRDA:236,12,1,-
DA:237,0
DA:237,0
BRDA:237,13,0,-
BRDA:237,13,1,-
DA:242,0
DA:242,0
DA:242,0
DA:246,0
DA:246,0
DA:248,0
DA:248,0
DA:253,0
DA:253,0
FN:256,Ride.confirmPayment
FNDA:0,Ride.confirmPayment
DA:257,0
DA:257,0
DA:257,0
DA:259,0
DA:259,0
BRDA:259,14,0,-
BRDA:259,14,1,-
DA:260,0
DA:260,0
DA:260,0
DA:264,0
DA:264,0
DA:264,0
DA:267,0
DA:267,0
DA:269,0
DA:269,0
DA:272,0
DA:272,0
DA:275,0
DA:275,0
FN:286,Ride.addNewDriver
FNDA:6,Ride.addNewDriver
DA:293,6
DA:293,6
DA:293,6
DA:307,6
DA:307,6
DA:308,6
DA:308,6
FN:320,Ride.sanctionDriver
FNDA:1,Ride.sanctionDriver
DA:321,1
DA:321,1
DA:322,1
DA:322,1
DA:324,1
DA:324,1
FN:335,Ride.getAllApprovedDriver
FNDA:1,Ride.getAllApprovedDriver
DA:336,1
DA:336,1
FN:343,Ride.getAddressSanctioned
FNDA:1,Ride.getAddressSanctioned
DA:344,1
DA:344,1
FN:347,Ride.getDriverBookingIdIndex
FNDA:0,Ride.getDriverBookingIdIndex
DA:351,0
DA:351,0
DA:351,0
DA:351,0
DA:352,0
DA:352,0
BRDA:352,15,0,-
BRDA:352,15,1,-
DA:353,0
DA:353,0
DA:356,0
DA:356,0
FN:359,Ride.getUserOrderIndex
FNDA:0,Ride.getUserOrderIndex
DA:363,0
DA:363,0
DA:363,0
DA:363,0
DA:364,0
DA:364,0
BRDA:364,16,0,-
BRDA:364,16,1,-
DA:365,0
DA:365,0
DA:368,0
DA:368,0
FN:371,Ride.getDriverIndex
FNDA:2,Ride.getDriverIndex
DA:374,2
DA:374,2
DA:374,3
DA:374,1
DA:375,2
DA:375,2
BRDA:375,17,0,1
BRDA:375,17,1,1
DA:376,1
DA:376,1
DA:377,1
DA:377,1
DA:379,1
DA:379,1
FNF:14
FNH:6
LF:76
LH:14
BRF:36
BRH:3
end_of_record
